ElkaKeyboard/build/outputs/logs/manifest-merger-debug-report.txt
-- Merging decision tree log ---
manifest
ADDED from src\main\AndroidManifest.xml:1:1-23:12
INJECTED from src\main\AndroidManifest.xml:1:1-23:12
INJECTED from src\main\AndroidManifest.xml:1:1-23:12
INJECTED from src\main\AndroidManifest.xml:1:1-23:12
INJECTED from src\main\AndroidManifest.xml:1:1-23:12
	package
		ADDED from src\main\AndroidManifest.xml:2:5-42
	android:versionName
		ADDED from src\main\AndroidManifest.xml:4:5-30
		INJECTED from src\main\AndroidManifest.xml
		INJECTED from src\main\AndroidManifest.xml
	xmlns:android
		ADDED from src\main\AndroidManifest.xml:1:11-69
	android:versionCode
		ADDED from src\main\AndroidManifest.xml:3:5-28
		INJECTED from src\main\AndroidManifest.xml
		INJECTED from src\main\AndroidManifest.xml
uses-sdk
ADDED from src\main\AndroidManifest.xml:6:5-8:41
	android:targetSdkVersion
		ADDED from src\main\AndroidManifest.xml:8:9-38
	android:minSdkVersion
		ADDED from src\main\AndroidManifest.xml:7:9-35
uses-feature#android.hardware.touchscreen
ADDED from src\main\AndroidManifest.xml:9:5-89
	android:required
		ADDED from src\main\AndroidManifest.xml:9:19-43
	android:name
		ADDED from src\main\AndroidManifest.xml:9:44-87
application
ADDED from src\main\AndroidManifest.xml:11:5-21:19
	android:label
		ADDED from src\main\AndroidManifest.xml:11:18-50
	android:icon
		ADDED from src\main\AndroidManifest.xml:12:9-45
	android:allowBackup
		ADDED from src\main\AndroidManifest.xml:13:9-36
service#com.halbae87.koreanbasicime.SoftKeyboard
ADDED from src\main\AndroidManifest.xml:14:9-20:19
	android:permission
		ADDED from src\main\AndroidManifest.xml:15:17-74
	android:name
		ADDED from src\main\AndroidManifest.xml:14:18-45
intent-filter#action:name:android.view.InputMethod
ADDED from src\main\AndroidManifest.xml:16:13-18:29
action#android.view.InputMethod
ADDED from src\main\AndroidManifest.xml:17:17-67
	android:name
		ADDED from src\main\AndroidManifest.xml:17:25-64
meta-data#android.view.im
ADDED from src\main\AndroidManifest.xml:19:13-88
	android:resource
		ADDED from src\main\AndroidManifest.xml:19:55-85
	android:name
		ADDED from src\main\AndroidManifest.xml:19:24-54